<?xml version="1.0" encoding="UTF-8"?>
<testng-results skipped="0" failed="2" ignored="0" total="11" passed="9">
  <reporter-output>
  </reporter-output>
  <suite name="FreeCRM App Test Automation Suite" duration-ms="315862" started-at="2018-05-04T20:04:56Z" finished-at="2018-05-04T20:10:12Z">
    <groups>
    </groups>
    <test name="FreeCRM App Test" duration-ms="315862" started-at="2018-05-04T20:04:56Z" finished-at="2018-05-04T20:10:12Z">
      <class name="com.QA.TestCasesForPages.UserHomePageTest">
        <test-method status="PASS" signature="setUp()[pri:0, instance:com.QA.TestCasesForPages.UserHomePageTest@3f49dace]" name="setUp" is-config="true" duration-ms="25261" started-at="2018-05-04T20:05:10Z" finished-at="2018-05-04T20:05:35Z">
          <reporter-output>
          </reporter-output>
        </test-method> <!-- setUp -->
        <test-method status="PASS" signature="VerifyHomePageTitleTest()[pri:1, instance:com.QA.TestCasesForPages.UserHomePageTest@3f49dace]" name="VerifyHomePageTitleTest" duration-ms="14" started-at="2018-05-04T20:05:35Z" finished-at="2018-05-04T20:05:35Z">
          <reporter-output>
          </reporter-output>
        </test-method> <!-- VerifyHomePageTitleTest -->
        <test-method status="PASS" signature="tearDown()[pri:0, instance:com.QA.TestCasesForPages.UserHomePageTest@3f49dace]" name="tearDown" is-config="true" duration-ms="728" started-at="2018-05-04T20:05:35Z" finished-at="2018-05-04T20:05:36Z">
          <reporter-output>
          </reporter-output>
        </test-method> <!-- tearDown -->
        <test-method status="PASS" signature="setUp()[pri:0, instance:com.QA.TestCasesForPages.UserHomePageTest@3f49dace]" name="setUp" is-config="true" duration-ms="24028" started-at="2018-05-04T20:06:13Z" finished-at="2018-05-04T20:06:37Z">
          <reporter-output>
          </reporter-output>
        </test-method> <!-- setUp -->
        <test-method status="PASS" signature="contactsLink()[pri:2, instance:com.QA.TestCasesForPages.UserHomePageTest@3f49dace]" name="contactsLink" duration-ms="30304" started-at="2018-05-04T20:06:37Z" finished-at="2018-05-04T20:07:07Z">
          <reporter-output>
          </reporter-output>
        </test-method> <!-- contactsLink -->
        <test-method status="PASS" signature="tearDown()[pri:0, instance:com.QA.TestCasesForPages.UserHomePageTest@3f49dace]" name="tearDown" is-config="true" duration-ms="712" started-at="2018-05-04T20:07:07Z" finished-at="2018-05-04T20:07:08Z">
          <reporter-output>
          </reporter-output>
        </test-method> <!-- tearDown -->
      </class> <!-- com.QA.TestCasesForPages.UserHomePageTest -->
      <class name="com.QA.TestCasesForPages.ContactsPageTest">
        <test-method status="PASS" signature="setUp()[pri:0, instance:com.QA.TestCasesForPages.ContactsPageTest@1e397ed7]" name="setUp" is-config="true" duration-ms="21796" started-at="2018-05-04T20:05:36Z" finished-at="2018-05-04T20:05:58Z">
          <reporter-output>
          </reporter-output>
        </test-method> <!-- setUp -->
        <test-method status="PASS" signature="verifyContactsPgLabel()[pri:1, instance:com.QA.TestCasesForPages.ContactsPageTest@1e397ed7]" name="verifyContactsPgLabel" duration-ms="2019" started-at="2018-05-04T20:05:58Z" finished-at="2018-05-04T20:06:00Z">
          <reporter-output>
          </reporter-output>
        </test-method> <!-- verifyContactsPgLabel -->
        <test-method status="PASS" signature="tearDown()[pri:0, instance:com.QA.TestCasesForPages.ContactsPageTest@1e397ed7]" name="tearDown" is-config="true" duration-ms="0" started-at="2018-05-04T20:06:00Z" finished-at="2018-05-04T20:06:00Z">
          <reporter-output>
          </reporter-output>
        </test-method> <!-- tearDown -->
        <test-method status="PASS" signature="setUp()[pri:0, instance:com.QA.TestCasesForPages.ContactsPageTest@1e397ed7]" name="setUp" is-config="true" duration-ms="24178" started-at="2018-05-04T20:07:08Z" finished-at="2018-05-04T20:07:32Z">
          <reporter-output>
          </reporter-output>
        </test-method> <!-- setUp -->
        <test-method status="PASS" signature="selectContacts()[pri:2, instance:com.QA.TestCasesForPages.ContactsPageTest@1e397ed7]" name="selectContacts" duration-ms="1276" started-at="2018-05-04T20:07:32Z" finished-at="2018-05-04T20:07:33Z">
          <reporter-output>
          </reporter-output>
        </test-method> <!-- selectContacts -->
        <test-method status="PASS" signature="tearDown()[pri:0, instance:com.QA.TestCasesForPages.ContactsPageTest@1e397ed7]" name="tearDown" is-config="true" duration-ms="1" started-at="2018-05-04T20:07:33Z" finished-at="2018-05-04T20:07:33Z">
          <reporter-output>
          </reporter-output>
        </test-method> <!-- tearDown -->
        <test-method status="PASS" signature="setUp()[pri:0, instance:com.QA.TestCasesForPages.ContactsPageTest@1e397ed7]" name="setUp" is-config="true" duration-ms="21130" started-at="2018-05-04T20:07:33Z" finished-at="2018-05-04T20:07:54Z">
          <reporter-output>
          </reporter-output>
        </test-method> <!-- setUp -->
        <test-method status="PASS" signature="selectMultipleContacts()[pri:3, instance:com.QA.TestCasesForPages.ContactsPageTest@1e397ed7]" name="selectMultipleContacts" duration-ms="1987" started-at="2018-05-04T20:07:54Z" finished-at="2018-05-04T20:07:56Z">
          <reporter-output>
          </reporter-output>
        </test-method> <!-- selectMultipleContacts -->
        <test-method status="PASS" signature="tearDown()[pri:0, instance:com.QA.TestCasesForPages.ContactsPageTest@1e397ed7]" name="tearDown" is-config="true" duration-ms="0" started-at="2018-05-04T20:07:56Z" finished-at="2018-05-04T20:07:56Z">
          <reporter-output>
          </reporter-output>
        </test-method> <!-- tearDown -->
        <test-method status="PASS" signature="setUp()[pri:0, instance:com.QA.TestCasesForPages.ContactsPageTest@1e397ed7]" name="setUp" is-config="true" duration-ms="21456" started-at="2018-05-04T20:07:57Z" finished-at="2018-05-04T20:08:19Z">
          <reporter-output>
          </reporter-output>
        </test-method> <!-- setUp -->
        <test-method status="FAIL" signature="validateCreateNewContact(java.lang.String, java.lang.String, java.lang.String, java.lang.String)[pri:4, instance:com.QA.TestCasesForPages.ContactsPageTest@1e397ed7]" name="validateCreateNewContact" duration-ms="1496" started-at="2018-05-04T20:08:19Z" data-provider="getCRMTestData" finished-at="2018-05-04T20:08:20Z">
          <params>
            <param index="0">
              <value>
                <![CDATA[Dr.]]>
              </value>
            </param>
            <param index="1">
              <value>
                <![CDATA[Test1]]>
              </value>
            </param>
            <param index="2">
              <value>
                <![CDATA[Test11]]>
              </value>
            </param>
            <param index="3">
              <value>
                <![CDATA[Company1]]>
              </value>
            </param>
          </params>
          <exception class="org.openqa.selenium.ElementNotVisibleException">
            <message>
              <![CDATA[element not visible
  (Session info: chrome=66.0.3359.139)
  (Driver info: chromedriver=2.37.544315 (730aa6a5fdba159ac9f4c1e8cbc59bf1b5ce12b7),platform=Windows NT 10.0.16299 x86_64) (WARNING: The server did not provide any stacktrace information)
Command duration or timeout: 0 milliseconds
Build info: version: '3.11.0', revision: 'e59cfb3', time: '2018-03-11T20:26:55.152Z'
System info: host: 'DESKTOP-RLPJLFH', ip: '192.168.0.11', os.name: 'Windows 10', os.arch: 'amd64', os.version: '10.0', java.version: '1.8.0_121'
Driver info: org.openqa.selenium.chrome.ChromeDriver
Capabilities {acceptInsecureCerts: false, acceptSslCerts: false, applicationCacheEnabled: false, browserConnectionEnabled: false, browserName: chrome, chrome: {chromedriverVersion: 2.37.544315 (730aa6a5fdba15..., userDataDir: C:\Users\srika\AppData\Loca...}, cssSelectorsEnabled: true, databaseEnabled: false, handlesAlerts: true, hasTouchScreen: false, javascriptEnabled: true, locationContextEnabled: true, mobileEmulationEnabled: false, nativeEvents: true, networkConnectionEnabled: false, pageLoadStrategy: normal, platform: XP, platformName: XP, rotatable: false, setWindowRect: true, takesHeapSnapshot: true, takesScreenshot: true, unexpectedAlertBehaviour: , unhandledPromptBehavior: , version: 66.0.3359.139, webStorageEnabled: true}
Session ID: 3528b0e53428c22aa80a4bc57606c55b]]>
            </message>
            <full-stacktrace>
              <![CDATA[org.openqa.selenium.ElementNotVisibleException: element not visible
  (Session info: chrome=66.0.3359.139)
  (Driver info: chromedriver=2.37.544315 (730aa6a5fdba159ac9f4c1e8cbc59bf1b5ce12b7),platform=Windows NT 10.0.16299 x86_64) (WARNING: The server did not provide any stacktrace information)
Command duration or timeout: 0 milliseconds
Build info: version: '3.11.0', revision: 'e59cfb3', time: '2018-03-11T20:26:55.152Z'
System info: host: 'DESKTOP-RLPJLFH', ip: '192.168.0.11', os.name: 'Windows 10', os.arch: 'amd64', os.version: '10.0', java.version: '1.8.0_121'
Driver info: org.openqa.selenium.chrome.ChromeDriver
Capabilities {acceptInsecureCerts: false, acceptSslCerts: false, applicationCacheEnabled: false, browserConnectionEnabled: false, browserName: chrome, chrome: {chromedriverVersion: 2.37.544315 (730aa6a5fdba15..., userDataDir: C:\Users\srika\AppData\Loca...}, cssSelectorsEnabled: true, databaseEnabled: false, handlesAlerts: true, hasTouchScreen: false, javascriptEnabled: true, locationContextEnabled: true, mobileEmulationEnabled: false, nativeEvents: true, networkConnectionEnabled: false, pageLoadStrategy: normal, platform: XP, platformName: XP, rotatable: false, setWindowRect: true, takesHeapSnapshot: true, takesScreenshot: true, unexpectedAlertBehaviour: , unhandledPromptBehavior: , version: 66.0.3359.139, webStorageEnabled: true}
Session ID: 3528b0e53428c22aa80a4bc57606c55b
at sun.reflect.NativeConstructorAccessorImpl.newInstance0(Native Method)
at sun.reflect.NativeConstructorAccessorImpl.newInstance(NativeConstructorAccessorImpl.java:62)
at sun.reflect.DelegatingConstructorAccessorImpl.newInstance(DelegatingConstructorAccessorImpl.java:45)
at java.lang.reflect.Constructor.newInstance(Constructor.java:423)
at org.openqa.selenium.remote.ErrorHandler.createThrowable(ErrorHandler.java:214)
at org.openqa.selenium.remote.ErrorHandler.throwIfResponseFailed(ErrorHandler.java:166)
at org.openqa.selenium.remote.http.JsonHttpResponseCodec.reconstructValue(JsonHttpResponseCodec.java:40)
at org.openqa.selenium.remote.http.AbstractHttpResponseCodec.decode(AbstractHttpResponseCodec.java:80)
at org.openqa.selenium.remote.http.AbstractHttpResponseCodec.decode(AbstractHttpResponseCodec.java:44)
at org.openqa.selenium.remote.HttpCommandExecutor.execute(HttpCommandExecutor.java:158)
at org.openqa.selenium.remote.service.DriverCommandExecutor.execute(DriverCommandExecutor.java:83)
at org.openqa.selenium.remote.RemoteWebDriver.execute(RemoteWebDriver.java:545)
at org.openqa.selenium.remote.RemoteWebElement.execute(RemoteWebElement.java:279)
at org.openqa.selenium.remote.RemoteWebElement.click(RemoteWebElement.java:83)
at sun.reflect.NativeMethodAccessorImpl.invoke0(Native Method)
at sun.reflect.NativeMethodAccessorImpl.invoke(NativeMethodAccessorImpl.java:62)
at sun.reflect.DelegatingMethodAccessorImpl.invoke(DelegatingMethodAccessorImpl.java:43)
at java.lang.reflect.Method.invoke(Method.java:498)
at org.openqa.selenium.support.events.EventFiringWebDriver$EventFiringWebElement.lambda$new$0(EventFiringWebDriver.java:368)
at com.sun.proxy.$Proxy14.click(Unknown Source)
at org.openqa.selenium.support.events.EventFiringWebDriver$EventFiringWebElement.click(EventFiringWebDriver.java:380)
at sun.reflect.NativeMethodAccessorImpl.invoke0(Native Method)
at sun.reflect.NativeMethodAccessorImpl.invoke(NativeMethodAccessorImpl.java:62)
at sun.reflect.DelegatingMethodAccessorImpl.invoke(DelegatingMethodAccessorImpl.java:43)
at java.lang.reflect.Method.invoke(Method.java:498)
at org.openqa.selenium.support.pagefactory.internal.LocatingElementHandler.invoke(LocatingElementHandler.java:51)
at com.sun.proxy.$Proxy12.click(Unknown Source)
at com.QA.Pages.UserHomePage.clickOnNewContact(UserHomePage.java:52)
at com.QA.TestCasesForPages.ContactsPageTest.validateCreateNewContact(ContactsPageTest.java:63)
at sun.reflect.NativeMethodAccessorImpl.invoke0(Native Method)
at sun.reflect.NativeMethodAccessorImpl.invoke(NativeMethodAccessorImpl.java:62)
at sun.reflect.DelegatingMethodAccessorImpl.invoke(DelegatingMethodAccessorImpl.java:43)
at java.lang.reflect.Method.invoke(Method.java:498)
at org.testng.internal.MethodInvocationHelper.invokeMethod(MethodInvocationHelper.java:124)
at org.testng.internal.Invoker.invokeMethod(Invoker.java:580)
at org.testng.internal.Invoker.invokeTestMethod(Invoker.java:716)
at org.testng.internal.Invoker.invokeTestMethods(Invoker.java:988)
at org.testng.internal.TestMethodWorker.invokeTestMethods(TestMethodWorker.java:125)
at org.testng.internal.TestMethodWorker.run(TestMethodWorker.java:109)
at org.testng.TestRunner.privateRun(TestRunner.java:648)
at org.testng.TestRunner.run(TestRunner.java:505)
at org.testng.SuiteRunner.runTest(SuiteRunner.java:455)
at org.testng.SuiteRunner.runSequentially(SuiteRunner.java:450)
at org.testng.SuiteRunner.privateRun(SuiteRunner.java:415)
at org.testng.SuiteRunner.run(SuiteRunner.java:364)
at org.testng.SuiteRunnerWorker.runSuite(SuiteRunnerWorker.java:52)
at org.testng.SuiteRunnerWorker.run(SuiteRunnerWorker.java:84)
at org.testng.TestNG.runSuitesSequentially(TestNG.java:1208)
at org.testng.TestNG.runSuitesLocally(TestNG.java:1137)
at org.testng.TestNG.runSuites(TestNG.java:1049)
at org.testng.TestNG.run(TestNG.java:1017)
at org.testng.remote.AbstractRemoteTestNG.run(AbstractRemoteTestNG.java:114)
at org.testng.remote.RemoteTestNG.initAndRun(RemoteTestNG.java:251)
at org.testng.remote.RemoteTestNG.main(RemoteTestNG.java:77)
]]>
            </full-stacktrace>
          </exception> <!-- org.openqa.selenium.ElementNotVisibleException -->
          <reporter-output>
          </reporter-output>
        </test-method> <!-- validateCreateNewContact -->
        <test-method status="PASS" signature="tearDown()[pri:0, instance:com.QA.TestCasesForPages.ContactsPageTest@1e397ed7]" name="tearDown" is-config="true" duration-ms="0" started-at="2018-05-04T20:08:20Z" finished-at="2018-05-04T20:08:20Z">
          <reporter-output>
          </reporter-output>
        </test-method> <!-- tearDown -->
        <test-method status="PASS" signature="setUp()[pri:0, instance:com.QA.TestCasesForPages.ContactsPageTest@1e397ed7]" name="setUp" is-config="true" duration-ms="24791" started-at="2018-05-04T20:08:20Z" finished-at="2018-05-04T20:08:45Z">
          <reporter-output>
          </reporter-output>
        </test-method> <!-- setUp -->
        <test-method status="FAIL" signature="validateCreateNewContact(java.lang.String, java.lang.String, java.lang.String, java.lang.String)[pri:4, instance:com.QA.TestCasesForPages.ContactsPageTest@1e397ed7]" name="validateCreateNewContact" duration-ms="31059" started-at="2018-05-04T20:08:45Z" data-provider="getCRMTestData" finished-at="2018-05-04T20:09:16Z">
          <params>
            <param index="0">
              <value>
                <![CDATA[Miss]]>
              </value>
            </param>
            <param index="1">
              <value>
                <![CDATA[Test2]]>
              </value>
            </param>
            <param index="2">
              <value>
                <![CDATA[Test22]]>
              </value>
            </param>
            <param index="3">
              <value>
                <![CDATA[Company2]]>
              </value>
            </param>
          </params>
          <exception class="org.openqa.selenium.NoSuchElementException">
            <message>
              <![CDATA[no such element: Unable to locate element: {"method":"name","selector":"title"}
  (Session info: chrome=66.0.3359.139)
  (Driver info: chromedriver=2.37.544315 (730aa6a5fdba159ac9f4c1e8cbc59bf1b5ce12b7),platform=Windows NT 10.0.16299 x86_64) (WARNING: The server did not provide any stacktrace information)
Command duration or timeout: 0 milliseconds
For documentation on this error, please visit: http://seleniumhq.org/exceptions/no_such_element.html
Build info: version: '3.11.0', revision: 'e59cfb3', time: '2018-03-11T20:26:55.152Z'
System info: host: 'DESKTOP-RLPJLFH', ip: '192.168.0.11', os.name: 'Windows 10', os.arch: 'amd64', os.version: '10.0', java.version: '1.8.0_121'
Driver info: org.openqa.selenium.chrome.ChromeDriver
Capabilities {acceptInsecureCerts: false, acceptSslCerts: false, applicationCacheEnabled: false, browserConnectionEnabled: false, browserName: chrome, chrome: {chromedriverVersion: 2.37.544315 (730aa6a5fdba15..., userDataDir: C:\Users\srika\AppData\Loca...}, cssSelectorsEnabled: true, databaseEnabled: false, handlesAlerts: true, hasTouchScreen: false, javascriptEnabled: true, locationContextEnabled: true, mobileEmulationEnabled: false, nativeEvents: true, networkConnectionEnabled: false, pageLoadStrategy: normal, platform: XP, platformName: XP, rotatable: false, setWindowRect: true, takesHeapSnapshot: true, takesScreenshot: true, unexpectedAlertBehaviour: , unhandledPromptBehavior: , version: 66.0.3359.139, webStorageEnabled: true}
Session ID: 3e9ca932a3131776b6c9cc916da9fe84
*** Element info: {Using=name, value=title}]]>
            </message>
            <full-stacktrace>
              <![CDATA[org.openqa.selenium.NoSuchElementException: no such element: Unable to locate element: {"method":"name","selector":"title"}
  (Session info: chrome=66.0.3359.139)
  (Driver info: chromedriver=2.37.544315 (730aa6a5fdba159ac9f4c1e8cbc59bf1b5ce12b7),platform=Windows NT 10.0.16299 x86_64) (WARNING: The server did not provide any stacktrace information)
Command duration or timeout: 0 milliseconds
For documentation on this error, please visit: http://seleniumhq.org/exceptions/no_such_element.html
Build info: version: '3.11.0', revision: 'e59cfb3', time: '2018-03-11T20:26:55.152Z'
System info: host: 'DESKTOP-RLPJLFH', ip: '192.168.0.11', os.name: 'Windows 10', os.arch: 'amd64', os.version: '10.0', java.version: '1.8.0_121'
Driver info: org.openqa.selenium.chrome.ChromeDriver
Capabilities {acceptInsecureCerts: false, acceptSslCerts: false, applicationCacheEnabled: false, browserConnectionEnabled: false, browserName: chrome, chrome: {chromedriverVersion: 2.37.544315 (730aa6a5fdba15..., userDataDir: C:\Users\srika\AppData\Loca...}, cssSelectorsEnabled: true, databaseEnabled: false, handlesAlerts: true, hasTouchScreen: false, javascriptEnabled: true, locationContextEnabled: true, mobileEmulationEnabled: false, nativeEvents: true, networkConnectionEnabled: false, pageLoadStrategy: normal, platform: XP, platformName: XP, rotatable: false, setWindowRect: true, takesHeapSnapshot: true, takesScreenshot: true, unexpectedAlertBehaviour: , unhandledPromptBehavior: , version: 66.0.3359.139, webStorageEnabled: true}
Session ID: 3e9ca932a3131776b6c9cc916da9fe84
*** Element info: {Using=name, value=title}
at sun.reflect.NativeConstructorAccessorImpl.newInstance0(Native Method)
at sun.reflect.NativeConstructorAccessorImpl.newInstance(NativeConstructorAccessorImpl.java:62)
at sun.reflect.DelegatingConstructorAccessorImpl.newInstance(DelegatingConstructorAccessorImpl.java:45)
at java.lang.reflect.Constructor.newInstance(Constructor.java:423)
at org.openqa.selenium.remote.ErrorHandler.createThrowable(ErrorHandler.java:214)
at org.openqa.selenium.remote.ErrorHandler.throwIfResponseFailed(ErrorHandler.java:166)
at org.openqa.selenium.remote.http.JsonHttpResponseCodec.reconstructValue(JsonHttpResponseCodec.java:40)
at org.openqa.selenium.remote.http.AbstractHttpResponseCodec.decode(AbstractHttpResponseCodec.java:80)
at org.openqa.selenium.remote.http.AbstractHttpResponseCodec.decode(AbstractHttpResponseCodec.java:44)
at org.openqa.selenium.remote.HttpCommandExecutor.execute(HttpCommandExecutor.java:158)
at org.openqa.selenium.remote.service.DriverCommandExecutor.execute(DriverCommandExecutor.java:83)
at org.openqa.selenium.remote.RemoteWebDriver.execute(RemoteWebDriver.java:545)
at org.openqa.selenium.remote.RemoteWebDriver.findElement(RemoteWebDriver.java:319)
at org.openqa.selenium.remote.RemoteWebDriver.findElementByName(RemoteWebDriver.java:397)
at org.openqa.selenium.By$ByName.findElement(By.java:303)
at org.openqa.selenium.remote.RemoteWebDriver.findElement(RemoteWebDriver.java:311)
at sun.reflect.GeneratedMethodAccessor4.invoke(Unknown Source)
at sun.reflect.DelegatingMethodAccessorImpl.invoke(DelegatingMethodAccessorImpl.java:43)
at java.lang.reflect.Method.invoke(Method.java:498)
at org.openqa.selenium.support.events.EventFiringWebDriver.lambda$new$1(EventFiringWebDriver.java:103)
at com.sun.proxy.$Proxy8.findElement(Unknown Source)
at org.openqa.selenium.support.events.EventFiringWebDriver.findElement(EventFiringWebDriver.java:186)
at com.QA.Pages.ContactsPage.createNewContact(ContactsPage.java:54)
at com.QA.TestCasesForPages.ContactsPageTest.validateCreateNewContact(ContactsPageTest.java:64)
at sun.reflect.NativeMethodAccessorImpl.invoke0(Native Method)
at sun.reflect.NativeMethodAccessorImpl.invoke(NativeMethodAccessorImpl.java:62)
at sun.reflect.DelegatingMethodAccessorImpl.invoke(DelegatingMethodAccessorImpl.java:43)
at java.lang.reflect.Method.invoke(Method.java:498)
at org.testng.internal.MethodInvocationHelper.invokeMethod(MethodInvocationHelper.java:124)
at org.testng.internal.Invoker.invokeMethod(Invoker.java:580)
at org.testng.internal.Invoker.invokeTestMethod(Invoker.java:716)
at org.testng.internal.Invoker.invokeTestMethods(Invoker.java:988)
at org.testng.internal.TestMethodWorker.invokeTestMethods(TestMethodWorker.java:125)
at org.testng.internal.TestMethodWorker.run(TestMethodWorker.java:109)
at org.testng.TestRunner.privateRun(TestRunner.java:648)
at org.testng.TestRunner.run(TestRunner.java:505)
at org.testng.SuiteRunner.runTest(SuiteRunner.java:455)
at org.testng.SuiteRunner.runSequentially(SuiteRunner.java:450)
at org.testng.SuiteRunner.privateRun(SuiteRunner.java:415)
at org.testng.SuiteRunner.run(SuiteRunner.java:364)
at org.testng.SuiteRunnerWorker.runSuite(SuiteRunnerWorker.java:52)
at org.testng.SuiteRunnerWorker.run(SuiteRunnerWorker.java:84)
at org.testng.TestNG.runSuitesSequentially(TestNG.java:1208)
at org.testng.TestNG.runSuitesLocally(TestNG.java:1137)
at org.testng.TestNG.runSuites(TestNG.java:1049)
at org.testng.TestNG.run(TestNG.java:1017)
at org.testng.remote.AbstractRemoteTestNG.run(AbstractRemoteTestNG.java:114)
at org.testng.remote.RemoteTestNG.initAndRun(RemoteTestNG.java:251)
at org.testng.remote.RemoteTestNG.main(RemoteTestNG.java:77)
]]>
            </full-stacktrace>
          </exception> <!-- org.openqa.selenium.NoSuchElementException -->
          <reporter-output>
          </reporter-output>
        </test-method> <!-- validateCreateNewContact -->
        <test-method status="PASS" signature="tearDown()[pri:0, instance:com.QA.TestCasesForPages.ContactsPageTest@1e397ed7]" name="tearDown" is-config="true" duration-ms="1" started-at="2018-05-04T20:09:16Z" finished-at="2018-05-04T20:09:16Z">
          <reporter-output>
          </reporter-output>
        </test-method> <!-- tearDown -->
        <test-method status="PASS" signature="setUp()[pri:0, instance:com.QA.TestCasesForPages.ContactsPageTest@1e397ed7]" name="setUp" is-config="true" duration-ms="26053" started-at="2018-05-04T20:09:16Z" finished-at="2018-05-04T20:09:42Z">
          <reporter-output>
          </reporter-output>
        </test-method> <!-- setUp -->
        <test-method status="PASS" signature="validateCreateNewContact(java.lang.String, java.lang.String, java.lang.String, java.lang.String)[pri:4, instance:com.QA.TestCasesForPages.ContactsPageTest@1e397ed7]" name="validateCreateNewContact" duration-ms="3458" started-at="2018-05-04T20:09:42Z" data-provider="getCRMTestData" finished-at="2018-05-04T20:09:46Z">
          <params>
            <param index="0">
              <value>
                <![CDATA[Mr.]]>
              </value>
            </param>
            <param index="1">
              <value>
                <![CDATA[Test3]]>
              </value>
            </param>
            <param index="2">
              <value>
                <![CDATA[Test33]]>
              </value>
            </param>
            <param index="3">
              <value>
                <![CDATA[Company3]]>
              </value>
            </param>
          </params>
          <reporter-output>
          </reporter-output>
        </test-method> <!-- validateCreateNewContact -->
        <test-method status="PASS" signature="setUp()[pri:0, instance:com.QA.TestCasesForPages.ContactsPageTest@1e397ed7]" name="setUp" is-config="true" duration-ms="23159" started-at="2018-05-04T20:09:46Z" finished-at="2018-05-04T20:10:09Z">
          <reporter-output>
          </reporter-output>
        </test-method> <!-- setUp -->
        <test-method status="PASS" signature="tearDown()[pri:0, instance:com.QA.TestCasesForPages.ContactsPageTest@1e397ed7]" name="tearDown" is-config="true" duration-ms="0" started-at="2018-05-04T20:09:46Z" finished-at="2018-05-04T20:09:46Z">
          <reporter-output>
          </reporter-output>
        </test-method> <!-- tearDown -->
        <test-method status="PASS" signature="validateCreateNewContact(java.lang.String, java.lang.String, java.lang.String, java.lang.String)[pri:4, instance:com.QA.TestCasesForPages.ContactsPageTest@1e397ed7]" name="validateCreateNewContact" duration-ms="3179" started-at="2018-05-04T20:10:09Z" data-provider="getCRMTestData" finished-at="2018-05-04T20:10:12Z">
          <params>
            <param index="0">
              <value>
                <![CDATA[Mrs.]]>
              </value>
            </param>
            <param index="1">
              <value>
                <![CDATA[Test4]]>
              </value>
            </param>
            <param index="2">
              <value>
                <![CDATA[Test44]]>
              </value>
            </param>
            <param index="3">
              <value>
                <![CDATA[Company4]]>
              </value>
            </param>
          </params>
          <reporter-output>
          </reporter-output>
        </test-method> <!-- validateCreateNewContact -->
        <test-method status="PASS" signature="tearDown()[pri:0, instance:com.QA.TestCasesForPages.ContactsPageTest@1e397ed7]" name="tearDown" is-config="true" duration-ms="0" started-at="2018-05-04T20:10:12Z" finished-at="2018-05-04T20:10:12Z">
          <reporter-output>
          </reporter-output>
        </test-method> <!-- tearDown -->
      </class> <!-- com.QA.TestCasesForPages.ContactsPageTest -->
      <class name="com.QA.TestCasesForPages.LoginPageTest">
        <test-method status="PASS" signature="setUp()[pri:0, instance:com.QA.TestCasesForPages.LoginPageTest@31a5c39e]" name="setUp" is-config="true" duration-ms="12935" started-at="2018-05-04T20:04:56Z" finished-at="2018-05-04T20:05:09Z">
          <reporter-output>
          </reporter-output>
        </test-method> <!-- setUp -->
        <test-method status="PASS" signature="loginPageTitleTest()[pri:1, instance:com.QA.TestCasesForPages.LoginPageTest@31a5c39e]" name="loginPageTitleTest" duration-ms="54" started-at="2018-05-04T20:05:09Z" finished-at="2018-05-04T20:05:09Z">
          <reporter-output>
          </reporter-output>
        </test-method> <!-- loginPageTitleTest -->
        <test-method status="PASS" signature="tearDown()[pri:0, instance:com.QA.TestCasesForPages.LoginPageTest@31a5c39e]" name="tearDown" is-config="true" duration-ms="787" started-at="2018-05-04T20:05:09Z" finished-at="2018-05-04T20:05:10Z">
          <reporter-output>
          </reporter-output>
        </test-method> <!-- tearDown -->
        <test-method status="PASS" signature="setUp()[pri:0, instance:com.QA.TestCasesForPages.LoginPageTest@31a5c39e]" name="setUp" is-config="true" duration-ms="12099" started-at="2018-05-04T20:06:00Z" finished-at="2018-05-04T20:06:12Z">
          <reporter-output>
          </reporter-output>
        </test-method> <!-- setUp -->
        <test-method status="PASS" signature="CRMLogo()[pri:2, instance:com.QA.TestCasesForPages.LoginPageTest@31a5c39e]" name="CRMLogo" duration-ms="98" started-at="2018-05-04T20:06:12Z" finished-at="2018-05-04T20:06:12Z">
          <reporter-output>
          </reporter-output>
        </test-method> <!-- CRMLogo -->
        <test-method status="PASS" signature="tearDown()[pri:0, instance:com.QA.TestCasesForPages.LoginPageTest@31a5c39e]" name="tearDown" is-config="true" duration-ms="805" started-at="2018-05-04T20:06:12Z" finished-at="2018-05-04T20:06:13Z">
          <reporter-output>
          </reporter-output>
        </test-method> <!-- tearDown -->
      </class> <!-- com.QA.TestCasesForPages.LoginPageTest -->
    </test> <!-- FreeCRM App Test -->
  </suite> <!-- FreeCRM App Test Automation Suite -->
</testng-results>
